This is pdfTeX, Version 3.14159265-2.6-1.40.19 (TeX Live 2018) (preloaded format=pdflatex 2019.4.15)  4 JUN 2019 11:07
entering extended mode
 restricted \write18 enabled.
 %&-line parsing enabled.
**"Physik Vorlesung.tex"
(./Physik Vorlesung.tex
LaTeX2e <2018-04-01> patch level 2
Babel <3.18> and hyphenation patterns for 84 language(s) loaded.
(/usr/local/texlive/2018/texmf-dist/tex/latex/base/article.cls
Document Class: article 2014/09/29 v1.4h Standard LaTeX document class
(/usr/local/texlive/2018/texmf-dist/tex/latex/base/size11.clo
File: size11.clo 2014/09/29 v1.4h Standard LaTeX file (size option)
)
\c@part=\count80
\c@section=\count81
\c@subsection=\count82
\c@subsubsection=\count83
\c@paragraph=\count84
\c@subparagraph=\count85
\c@figure=\count86
\c@table=\count87
\abovecaptionskip=\skip41
\belowcaptionskip=\skip42
\bibindent=\dimen102
)
(/usr/local/texlive/2018/texmf-dist/tex/generic/babel/babel.sty
Package: babel 2018/02/14 3.18 The Babel package

(/usr/local/texlive/2018/texmf-dist/tex/generic/babel/switch.def
File: switch.def 2018/02/14 3.18 Babel switching mechanism
)
(/usr/local/texlive/2018/texmf-dist/tex/generic/babel-german/ngerman.ldf
Language: ngerman 2018/03/29 v2.10 German support for babel (post-1996 orthogra
phy)

(/usr/local/texlive/2018/texmf-dist/tex/generic/babel-german/ngermanb.ldf
Language: ngermanb 2018/03/29 v2.10 German support for babel (post-1996 orthogr
aphy)

(/usr/local/texlive/2018/texmf-dist/tex/generic/babel/babel.def
File: babel.def 2018/02/14 3.18 Babel common definitions
\babel@savecnt=\count88
\U@D=\dimen103

(/usr/local/texlive/2018/texmf-dist/tex/generic/babel/txtbabel.def)
\bbl@dirlevel=\count89
)
Package babel Info: Making " an active character on input line 121.
)))
(/usr/local/texlive/2018/texmf-dist/tex/latex/amsmath/amsmath.sty
Package: amsmath 2017/09/02 v2.17a AMS math features
\@mathmargin=\skip43

For additional information on amsmath, use the `?' option.
(/usr/local/texlive/2018/texmf-dist/tex/latex/amsmath/amstext.sty
Package: amstext 2000/06/29 v2.01 AMS text

(/usr/local/texlive/2018/texmf-dist/tex/latex/amsmath/amsgen.sty
File: amsgen.sty 1999/11/30 v2.0 generic functions
\@emptytoks=\toks14
\ex@=\dimen104
))
(/usr/local/texlive/2018/texmf-dist/tex/latex/amsmath/amsbsy.sty
Package: amsbsy 1999/11/29 v1.2d Bold Symbols
\pmbraise@=\dimen105
)
(/usr/local/texlive/2018/texmf-dist/tex/latex/amsmath/amsopn.sty
Package: amsopn 2016/03/08 v2.02 operator names
)
\inf@bad=\count90
LaTeX Info: Redefining \frac on input line 213.
\uproot@=\count91
\leftroot@=\count92
LaTeX Info: Redefining \overline on input line 375.
\classnum@=\count93
\DOTSCASE@=\count94
LaTeX Info: Redefining \ldots on input line 472.
LaTeX Info: Redefining \dots on input line 475.
LaTeX Info: Redefining \cdots on input line 596.
\Mathstrutbox@=\box26
\strutbox@=\box27
\big@size=\dimen106
LaTeX Font Info:    Redeclaring font encoding OML on input line 712.
LaTeX Font Info:    Redeclaring font encoding OMS on input line 713.
\macc@depth=\count95
\c@MaxMatrixCols=\count96
\dotsspace@=\muskip10
\c@parentequation=\count97
\dspbrk@lvl=\count98
\tag@help=\toks15
\row@=\count99
\column@=\count100
\maxfields@=\count101
\andhelp@=\toks16
\eqnshift@=\dimen107
\alignsep@=\dimen108
\tagshift@=\dimen109
\tagwidth@=\dimen110
\totwidth@=\dimen111
\lineht@=\dimen112
\@envbody=\toks17
\multlinegap=\skip44
\multlinetaggap=\skip45
\mathdisplay@stack=\toks18
LaTeX Info: Redefining \[ on input line 2817.
LaTeX Info: Redefining \] on input line 2818.
)
(/usr/local/texlive/2018/texmf-dist/tex/latex/amsfonts/amssymb.sty
Package: amssymb 2013/01/14 v3.01 AMS font symbols

(/usr/local/texlive/2018/texmf-dist/tex/latex/amsfonts/amsfonts.sty
Package: amsfonts 2013/01/14 v3.01 Basic AMSFonts support
\symAMSa=\mathgroup4
\symAMSb=\mathgroup5
LaTeX Font Info:    Overwriting math alphabet `\mathfrak' in version `bold'
(Font)                  U/euf/m/n --> U/euf/b/n on input line 106.
))
(/usr/local/texlive/2018/texmf-dist/tex/latex/amscls/amsthm.sty
Package: amsthm 2017/10/31 v2.20.4
\thm@style=\toks19
\thm@bodyfont=\toks20
\thm@headfont=\toks21
\thm@notefont=\toks22
\thm@headpunct=\toks23
\thm@preskip=\skip46
\thm@postskip=\skip47
\thm@headsep=\skip48
\dth@everypar=\toks24
)
(/usr/local/texlive/2018/texmf-dist/tex/latex/listings/listings.sty
(/usr/local/texlive/2018/texmf-dist/tex/latex/graphics/keyval.sty
Package: keyval 2014/10/28 v1.15 key=value parser (DPC)
\KV@toks@=\toks25
)
\lst@mode=\count102
\lst@gtempboxa=\box28
\lst@token=\toks26
\lst@length=\count103
\lst@currlwidth=\dimen113
\lst@column=\count104
\lst@pos=\count105
\lst@lostspace=\dimen114
\lst@width=\dimen115
\lst@newlines=\count106
\lst@lineno=\count107
\lst@maxwidth=\dimen116

(/usr/local/texlive/2018/texmf-dist/tex/latex/listings/lstmisc.sty
File: lstmisc.sty 2015/06/04 1.6 (Carsten Heinz)
\c@lstnumber=\count108
\lst@skipnumbers=\count109
\lst@framebox=\box29
)
(/usr/local/texlive/2018/texmf-dist/tex/latex/listings/listings.cfg
File: listings.cfg 2015/06/04 1.6 listings configuration
))
Package: listings 2015/06/04 1.6 (Carsten Heinz)

(/usr/local/texlive/2018/texmf-dist/tex/latex/pdfpages/pdfpages.sty
Package: pdfpages 2017/10/31 v0.5l Insert pages of external PDF documents (AM)

(/usr/local/texlive/2018/texmf-dist/tex/latex/base/ifthen.sty
Package: ifthen 2014/09/29 v1.1c Standard LaTeX ifthen package (DPC)
)
(/usr/local/texlive/2018/texmf-dist/tex/latex/tools/calc.sty
Package: calc 2017/05/25 v4.3 Infix arithmetic (KKT,FJ)
\calc@Acount=\count110
\calc@Bcount=\count111
\calc@Adimen=\dimen117
\calc@Bdimen=\dimen118
\calc@Askip=\skip49
\calc@Bskip=\skip50
LaTeX Info: Redefining \setlength on input line 80.
LaTeX Info: Redefining \addtolength on input line 81.
\calc@Ccount=\count112
\calc@Cskip=\skip51
)
(/usr/local/texlive/2018/texmf-dist/tex/latex/eso-pic/eso-pic.sty
Package: eso-pic 2015/07/21 v2.0g eso-pic (RN)

(/usr/local/texlive/2018/texmf-dist/tex/generic/oberdiek/atbegshi.sty
Package: atbegshi 2016/06/09 v1.18 At begin shipout hook (HO)

(/usr/local/texlive/2018/texmf-dist/tex/generic/oberdiek/infwarerr.sty
Package: infwarerr 2016/05/16 v1.4 Providing info/warning/error messages (HO)
)
(/usr/local/texlive/2018/texmf-dist/tex/generic/oberdiek/ltxcmds.sty
Package: ltxcmds 2016/05/16 v1.23 LaTeX kernel commands for general use (HO)
)
(/usr/local/texlive/2018/texmf-dist/tex/generic/oberdiek/ifpdf.sty
Package: ifpdf 2017/03/15 v3.2 Provides the ifpdf switch
))
(/usr/local/texlive/2018/texmf-dist/tex/latex/xcolor/xcolor.sty
Package: xcolor 2016/05/11 v2.12 LaTeX color extensions (UK)

(/usr/local/texlive/2018/texmf-dist/tex/latex/graphics-cfg/color.cfg
File: color.cfg 2016/01/02 v1.6 sample color configuration
)
Package xcolor Info: Driver file: pdftex.def on input line 225.

(/usr/local/texlive/2018/texmf-dist/tex/latex/graphics-def/pdftex.def
File: pdftex.def 2018/01/08 v1.0l Graphics/color driver for pdftex
)
Package xcolor Info: Model `cmy' substituted by `cmy0' on input line 1348.
Package xcolor Info: Model `hsb' substituted by `rgb' on input line 1352.
Package xcolor Info: Model `RGB' extended on input line 1364.
Package xcolor Info: Model `HTML' substituted by `rgb' on input line 1366.
Package xcolor Info: Model `Hsb' substituted by `hsb' on input line 1367.
Package xcolor Info: Model `tHsb' substituted by `hsb' on input line 1368.
Package xcolor Info: Model `HSB' substituted by `hsb' on input line 1369.
Package xcolor Info: Model `Gray' substituted by `gray' on input line 1370.
Package xcolor Info: Model `wave' substituted by `hsb' on input line 1371.
))
(/usr/local/texlive/2018/texmf-dist/tex/latex/graphics/graphicx.sty
Package: graphicx 2017/06/01 v1.1a Enhanced LaTeX Graphics (DPC,SPQR)

(/usr/local/texlive/2018/texmf-dist/tex/latex/graphics/graphics.sty
Package: graphics 2017/06/25 v1.2c Standard LaTeX Graphics (DPC,SPQR)

(/usr/local/texlive/2018/texmf-dist/tex/latex/graphics/trig.sty
Package: trig 2016/01/03 v1.10 sin cos tan (DPC)
)
(/usr/local/texlive/2018/texmf-dist/tex/latex/graphics-cfg/graphics.cfg
File: graphics.cfg 2016/06/04 v1.11 sample graphics configuration
)
Package graphics Info: Driver file: pdftex.def on input line 99.
)
\Gin@req@height=\dimen119
\Gin@req@width=\dimen120
)
\AM@pagewidth=\dimen121
\AM@pageheight=\dimen122

(/usr/local/texlive/2018/texmf-dist/tex/latex/pdfpages/pppdftex.def
File: pppdftex.def 2017/10/31 v0.5l Pdfpages driver for pdfTeX (AM)
)
\AM@pagebox=\box30
\AM@global@opts=\toks27
\AM@toc@title=\toks28
\c@AM@survey=\count113
\AM@templatesizebox=\box31
)
(/usr/local/texlive/2018/texmf-dist/tex/latex/base/inputenc.sty
Package: inputenc 2018/04/06 v1.3b Input encoding file
\inpenc@prehook=\toks29
\inpenc@posthook=\toks30
)
(/usr/local/texlive/2018/texmf-dist/tex/latex/esvect/esvect.sty
Package: esvect 
\symesvector=\mathgroup6
)
(/usr/local/texlive/2018/texmf-dist/tex/latex/tcolorbox/tcolorbox.sty
Package: tcolorbox 2018/03/22 version 4.13 text color boxes

(/usr/local/texlive/2018/texmf-dist/tex/latex/pgf/basiclayer/pgf.sty
(/usr/local/texlive/2018/texmf-dist/tex/latex/pgf/utilities/pgfrcs.sty
(/usr/local/texlive/2018/texmf-dist/tex/generic/pgf/utilities/pgfutil-common.te
x
\pgfutil@everybye=\toks31
\pgfutil@tempdima=\dimen123
\pgfutil@tempdimb=\dimen124

(/usr/local/texlive/2018/texmf-dist/tex/generic/pgf/utilities/pgfutil-common-li
sts.tex))
(/usr/local/texlive/2018/texmf-dist/tex/generic/pgf/utilities/pgfutil-latex.def
\pgfutil@abb=\box32
(/usr/local/texlive/2018/texmf-dist/tex/latex/ms/everyshi.sty
Package: everyshi 2001/05/15 v3.00 EveryShipout Package (MS)
))
(/usr/local/texlive/2018/texmf-dist/tex/generic/pgf/utilities/pgfrcs.code.tex
Package: pgfrcs 2015/08/07 v3.0.1a (rcs-revision 1.31)
))
Package: pgf 2015/08/07 v3.0.1a (rcs-revision 1.15)
(/usr/local/texlive/2018/texmf-dist/tex/latex/pgf/basiclayer/pgfcore.sty
(/usr/local/texlive/2018/texmf-dist/tex/latex/pgf/systemlayer/pgfsys.sty
(/usr/local/texlive/2018/texmf-dist/tex/generic/pgf/systemlayer/pgfsys.code.tex
Package: pgfsys 2014/07/09 v3.0.1a (rcs-revision 1.48)
(/usr/local/texlive/2018/texmf-dist/tex/generic/pgf/utilities/pgfkeys.code.tex
\pgfkeys@pathtoks=\toks32
\pgfkeys@temptoks=\toks33

(/usr/local/texlive/2018/texmf-dist/tex/generic/pgf/utilities/pgfkeysfiltered.c
ode.tex
\pgfkeys@tmptoks=\toks34
))
\pgf@x=\dimen125
\pgf@y=\dimen126
\pgf@xa=\dimen127
\pgf@ya=\dimen128
\pgf@xb=\dimen129
\pgf@yb=\dimen130
\pgf@xc=\dimen131
\pgf@yc=\dimen132
\w@pgf@writea=\write3
\r@pgf@reada=\read1
\c@pgf@counta=\count114
\c@pgf@countb=\count115
\c@pgf@countc=\count116
\c@pgf@countd=\count117
\t@pgf@toka=\toks35
\t@pgf@tokb=\toks36
\t@pgf@tokc=\toks37

(/usr/local/texlive/2018/texmf-dist/tex/generic/pgf/systemlayer/pgf.cfg
File: pgf.cfg 2008/05/14  (rcs-revision 1.7)
)
Driver file for pgf: pgfsys-pdftex.def

(/usr/local/texlive/2018/texmf-dist/tex/generic/pgf/systemlayer/pgfsys-pdftex.d
ef
File: pgfsys-pdftex.def 2014/10/11  (rcs-revision 1.35)

(/usr/local/texlive/2018/texmf-dist/tex/generic/pgf/systemlayer/pgfsys-common-p
df.def
File: pgfsys-common-pdf.def 2013/10/10  (rcs-revision 1.13)
)))
(/usr/local/texlive/2018/texmf-dist/tex/generic/pgf/systemlayer/pgfsyssoftpath.
code.tex
File: pgfsyssoftpath.code.tex 2013/09/09  (rcs-revision 1.9)
\pgfsyssoftpath@smallbuffer@items=\count118
\pgfsyssoftpath@bigbuffer@items=\count119
)
(/usr/local/texlive/2018/texmf-dist/tex/generic/pgf/systemlayer/pgfsysprotocol.
code.tex
File: pgfsysprotocol.code.tex 2006/10/16  (rcs-revision 1.4)
))
(/usr/local/texlive/2018/texmf-dist/tex/generic/pgf/basiclayer/pgfcore.code.tex
Package: pgfcore 2010/04/11 v3.0.1a (rcs-revision 1.7)
(/usr/local/texlive/2018/texmf-dist/tex/generic/pgf/math/pgfmath.code.tex
(/usr/local/texlive/2018/texmf-dist/tex/generic/pgf/math/pgfmathcalc.code.tex
(/usr/local/texlive/2018/texmf-dist/tex/generic/pgf/math/pgfmathutil.code.tex)
(/usr/local/texlive/2018/texmf-dist/tex/generic/pgf/math/pgfmathparser.code.tex
\pgfmath@dimen=\dimen133
\pgfmath@count=\count120
\pgfmath@box=\box33
\pgfmath@toks=\toks38
\pgfmath@stack@operand=\toks39
\pgfmath@stack@operation=\toks40
)
(/usr/local/texlive/2018/texmf-dist/tex/generic/pgf/math/pgfmathfunctions.code.
tex
(/usr/local/texlive/2018/texmf-dist/tex/generic/pgf/math/pgfmathfunctions.basic
.code.tex)
(/usr/local/texlive/2018/texmf-dist/tex/generic/pgf/math/pgfmathfunctions.trigo
nometric.code.tex)
(/usr/local/texlive/2018/texmf-dist/tex/generic/pgf/math/pgfmathfunctions.rando
m.code.tex)
(/usr/local/texlive/2018/texmf-dist/tex/generic/pgf/math/pgfmathfunctions.compa
rison.code.tex)
(/usr/local/texlive/2018/texmf-dist/tex/generic/pgf/math/pgfmathfunctions.base.
code.tex)
(/usr/local/texlive/2018/texmf-dist/tex/generic/pgf/math/pgfmathfunctions.round
.code.tex)
(/usr/local/texlive/2018/texmf-dist/tex/generic/pgf/math/pgfmathfunctions.misc.
code.tex)
(/usr/local/texlive/2018/texmf-dist/tex/generic/pgf/math/pgfmathfunctions.integ
erarithmetics.code.tex)))
(/usr/local/texlive/2018/texmf-dist/tex/generic/pgf/math/pgfmathfloat.code.tex
\c@pgfmathroundto@lastzeros=\count121
))
(/usr/local/texlive/2018/texmf-dist/tex/generic/pgf/basiclayer/pgfcorepoints.co
de.tex
File: pgfcorepoints.code.tex 2013/10/07  (rcs-revision 1.27)
\pgf@picminx=\dimen134
\pgf@picmaxx=\dimen135
\pgf@picminy=\dimen136
\pgf@picmaxy=\dimen137
\pgf@pathminx=\dimen138
\pgf@pathmaxx=\dimen139
\pgf@pathminy=\dimen140
\pgf@pathmaxy=\dimen141
\pgf@xx=\dimen142
\pgf@xy=\dimen143
\pgf@yx=\dimen144
\pgf@yy=\dimen145
\pgf@zx=\dimen146
\pgf@zy=\dimen147
)
(/usr/local/texlive/2018/texmf-dist/tex/generic/pgf/basiclayer/pgfcorepathconst
ruct.code.tex
File: pgfcorepathconstruct.code.tex 2013/10/07  (rcs-revision 1.29)
\pgf@path@lastx=\dimen148
\pgf@path@lasty=\dimen149
)
(/usr/local/texlive/2018/texmf-dist/tex/generic/pgf/basiclayer/pgfcorepathusage
.code.tex
File: pgfcorepathusage.code.tex 2014/11/02  (rcs-revision 1.24)
\pgf@shorten@end@additional=\dimen150
\pgf@shorten@start@additional=\dimen151
)
(/usr/local/texlive/2018/texmf-dist/tex/generic/pgf/basiclayer/pgfcorescopes.co
de.tex
File: pgfcorescopes.code.tex 2015/05/08  (rcs-revision 1.46)
\pgfpic=\box34
\pgf@hbox=\box35
\pgf@layerbox@main=\box36
\pgf@picture@serial@count=\count122
)
(/usr/local/texlive/2018/texmf-dist/tex/generic/pgf/basiclayer/pgfcoregraphicst
ate.code.tex
File: pgfcoregraphicstate.code.tex 2014/11/02  (rcs-revision 1.12)
\pgflinewidth=\dimen152
)
(/usr/local/texlive/2018/texmf-dist/tex/generic/pgf/basiclayer/pgfcoretransform
ations.code.tex
File: pgfcoretransformations.code.tex 2015/08/07  (rcs-revision 1.20)
\pgf@pt@x=\dimen153
\pgf@pt@y=\dimen154
\pgf@pt@temp=\dimen155
)
(/usr/local/texlive/2018/texmf-dist/tex/generic/pgf/basiclayer/pgfcorequick.cod
e.tex
File: pgfcorequick.code.tex 2008/10/09  (rcs-revision 1.3)
)
(/usr/local/texlive/2018/texmf-dist/tex/generic/pgf/basiclayer/pgfcoreobjects.c
ode.tex
File: pgfcoreobjects.code.tex 2006/10/11  (rcs-revision 1.2)
)
(/usr/local/texlive/2018/texmf-dist/tex/generic/pgf/basiclayer/pgfcorepathproce
ssing.code.tex
File: pgfcorepathprocessing.code.tex 2013/09/09  (rcs-revision 1.9)
)
(/usr/local/texlive/2018/texmf-dist/tex/generic/pgf/basiclayer/pgfcorearrows.co
de.tex
File: pgfcorearrows.code.tex 2015/05/14  (rcs-revision 1.43)
\pgfarrowsep=\dimen156
)
(/usr/local/texlive/2018/texmf-dist/tex/generic/pgf/basiclayer/pgfcoreshade.cod
e.tex
File: pgfcoreshade.code.tex 2013/07/15  (rcs-revision 1.15)
\pgf@max=\dimen157
\pgf@sys@shading@range@num=\count123
)
(/usr/local/texlive/2018/texmf-dist/tex/generic/pgf/basiclayer/pgfcoreimage.cod
e.tex
File: pgfcoreimage.code.tex 2013/07/15  (rcs-revision 1.18)

(/usr/local/texlive/2018/texmf-dist/tex/generic/pgf/basiclayer/pgfcoreexternal.
code.tex
File: pgfcoreexternal.code.tex 2014/07/09  (rcs-revision 1.21)
\pgfexternal@startupbox=\box37
))
(/usr/local/texlive/2018/texmf-dist/tex/generic/pgf/basiclayer/pgfcorelayers.co
de.tex
File: pgfcorelayers.code.tex 2013/07/18  (rcs-revision 1.7)
)
(/usr/local/texlive/2018/texmf-dist/tex/generic/pgf/basiclayer/pgfcoretranspare
ncy.code.tex
File: pgfcoretransparency.code.tex 2013/09/30  (rcs-revision 1.5)
)
(/usr/local/texlive/2018/texmf-dist/tex/generic/pgf/basiclayer/pgfcorepatterns.
code.tex
File: pgfcorepatterns.code.tex 2013/11/07  (rcs-revision 1.5)
)))
(/usr/local/texlive/2018/texmf-dist/tex/generic/pgf/modules/pgfmoduleshapes.cod
e.tex
File: pgfmoduleshapes.code.tex 2014/03/21  (rcs-revision 1.35)
\pgfnodeparttextbox=\box38
)
(/usr/local/texlive/2018/texmf-dist/tex/generic/pgf/modules/pgfmoduleplot.code.
tex
File: pgfmoduleplot.code.tex 2015/08/03  (rcs-revision 1.13)
)
(/usr/local/texlive/2018/texmf-dist/tex/latex/pgf/compatibility/pgfcomp-version
-0-65.sty
Package: pgfcomp-version-0-65 2007/07/03 v3.0.1a (rcs-revision 1.7)
\pgf@nodesepstart=\dimen158
\pgf@nodesepend=\dimen159
)
(/usr/local/texlive/2018/texmf-dist/tex/latex/pgf/compatibility/pgfcomp-version
-1-18.sty
Package: pgfcomp-version-1-18 2007/07/23 v3.0.1a (rcs-revision 1.1)
)) (/usr/local/texlive/2018/texmf-dist/tex/latex/tools/verbatim.sty
Package: verbatim 2014/10/28 v1.5q LaTeX2e package for verbatim enhancements
\every@verbatim=\toks41
\verbatim@line=\toks42
\verbatim@in@stream=\read2
)
(/usr/local/texlive/2018/texmf-dist/tex/latex/environ/environ.sty
Package: environ 2014/05/04 v0.3 A new way to define environments

(/usr/local/texlive/2018/texmf-dist/tex/latex/trimspaces/trimspaces.sty
Package: trimspaces 2009/09/17 v1.1 Trim spaces around a token list
))
(/usr/local/texlive/2018/texmf-dist/tex/latex/etoolbox/etoolbox.sty
Package: etoolbox 2018/02/11 v2.5e e-TeX tools for LaTeX (JAW)
\etb@tempcnta=\count124
)
\tcb@titlebox=\box39
\tcb@upperbox=\box40
\tcb@lowerbox=\box41
\tcb@phantombox=\box42
\c@tcbbreakpart=\count125
\c@tcblayer=\count126
\tcolorbox@number=\count127
\tcb@temp=\box43
\tcb@temp=\box44
\tcb@temp=\box45
\tcb@temp=\box46
\tcb@out=\write4
\tcb@record@out=\write5
)
(/usr/local/texlive/2018/texmf-dist/tex/latex/pgf/frontendlayer/tikz.sty
(/usr/local/texlive/2018/texmf-dist/tex/latex/pgf/utilities/pgffor.sty
(/usr/local/texlive/2018/texmf-dist/tex/latex/pgf/utilities/pgfkeys.sty
(/usr/local/texlive/2018/texmf-dist/tex/generic/pgf/utilities/pgfkeys.code.tex)
) (/usr/local/texlive/2018/texmf-dist/tex/latex/pgf/math/pgfmath.sty
(/usr/local/texlive/2018/texmf-dist/tex/generic/pgf/math/pgfmath.code.tex))
(/usr/local/texlive/2018/texmf-dist/tex/generic/pgf/utilities/pgffor.code.tex
Package: pgffor 2013/12/13 v3.0.1a (rcs-revision 1.25)

(/usr/local/texlive/2018/texmf-dist/tex/generic/pgf/math/pgfmath.code.tex)
\pgffor@iter=\dimen160
\pgffor@skip=\dimen161
\pgffor@stack=\toks43
\pgffor@toks=\toks44
))
(/usr/local/texlive/2018/texmf-dist/tex/generic/pgf/frontendlayer/tikz/tikz.cod
e.tex
Package: tikz 2015/08/07 v3.0.1a (rcs-revision 1.151)

(/usr/local/texlive/2018/texmf-dist/tex/generic/pgf/libraries/pgflibraryplothan
dlers.code.tex
File: pgflibraryplothandlers.code.tex 2013/08/31 v3.0.1a (rcs-revision 1.20)
\pgf@plot@mark@count=\count128
\pgfplotmarksize=\dimen162
)
\tikz@lastx=\dimen163
\tikz@lasty=\dimen164
\tikz@lastxsaved=\dimen165
\tikz@lastysaved=\dimen166
\tikzleveldistance=\dimen167
\tikzsiblingdistance=\dimen168
\tikz@figbox=\box47
\tikz@figbox@bg=\box48
\tikz@tempbox=\box49
\tikz@tempbox@bg=\box50
\tikztreelevel=\count129
\tikznumberofchildren=\count130
\tikznumberofcurrentchild=\count131
\tikz@fig@count=\count132

(/usr/local/texlive/2018/texmf-dist/tex/generic/pgf/modules/pgfmodulematrix.cod
e.tex
File: pgfmodulematrix.code.tex 2013/09/17  (rcs-revision 1.8)
\pgfmatrixcurrentrow=\count133
\pgfmatrixcurrentcolumn=\count134
\pgf@matrix@numberofcolumns=\count135
)
\tikz@expandcount=\count136

(/usr/local/texlive/2018/texmf-dist/tex/generic/pgf/frontendlayer/tikz/librarie
s/tikzlibrarytopaths.code.tex
File: tikzlibrarytopaths.code.tex 2008/06/17 v3.0.1a (rcs-revision 1.2)
)))
(/usr/local/texlive/2018/texmf-dist/tex/latex/geometry/geometry.sty
Package: geometry 2018/03/24 v5.7 Page Geometry

(/usr/local/texlive/2018/texmf-dist/tex/generic/oberdiek/ifvtex.sty
Package: ifvtex 2016/05/16 v1.6 Detect VTeX and its facilities (HO)
Package ifvtex Info: VTeX not detected.
)
(/usr/local/texlive/2018/texmf-dist/tex/generic/ifxetex/ifxetex.sty
Package: ifxetex 2010/09/12 v0.6 Provides ifxetex conditional
)
\Gm@cnth=\count137
\Gm@cntv=\count138
\c@Gm@tempcnt=\count139
\Gm@bindingoffset=\dimen169
\Gm@wd@mp=\dimen170
\Gm@odd@mp=\dimen171
\Gm@even@mp=\dimen172
\Gm@layoutwidth=\dimen173
\Gm@layoutheight=\dimen174
\Gm@layouthoffset=\dimen175
\Gm@layoutvoffset=\dimen176
\Gm@dimlist=\toks45
)
\xvec@height=\skip52
\xvec@depth=\skip53
\xvec@width=\skip54
\c@theorem=\count140

(./Physik Vorlesung.aux)
\openout1 = `"Physik Vorlesung.aux"'.

LaTeX Font Info:    Checking defaults for OML/cmm/m/it on input line 70.
LaTeX Font Info:    ... okay on input line 70.
LaTeX Font Info:    Checking defaults for T1/cmr/m/n on input line 70.
LaTeX Font Info:    ... okay on input line 70.
LaTeX Font Info:    Checking defaults for OT1/cmr/m/n on input line 70.
LaTeX Font Info:    ... okay on input line 70.
LaTeX Font Info:    Checking defaults for OMS/cmsy/m/n on input line 70.
LaTeX Font Info:    ... okay on input line 70.
LaTeX Font Info:    Checking defaults for OMX/cmex/m/n on input line 70.
LaTeX Font Info:    ... okay on input line 70.
LaTeX Font Info:    Checking defaults for U/cmr/m/n on input line 70.
LaTeX Font Info:    ... okay on input line 70.
\c@lstlisting=\count141
\AtBeginShipoutBox=\box51

(/usr/local/texlive/2018/texmf-dist/tex/context/base/mkii/supp-pdf.mkii
[Loading MPS to PDF converter (version 2006.09.02).]
\scratchcounter=\count142
\scratchdimen=\dimen177
\scratchbox=\box52
\nofMPsegments=\count143
\nofMParguments=\count144
\everyMPshowfont=\toks46
\MPscratchCnt=\count145
\MPscratchDim=\dimen178
\MPnumerator=\count146
\makeMPintoPDFobject=\count147
\everyMPtoPDFconversion=\toks47
) (/usr/local/texlive/2018/texmf-dist/tex/latex/oberdiek/epstopdf-base.sty
Package: epstopdf-base 2016/05/15 v2.6 Base part for package epstopdf

(/usr/local/texlive/2018/texmf-dist/tex/latex/oberdiek/grfext.sty
Package: grfext 2016/05/16 v1.2 Manage graphics extensions (HO)

(/usr/local/texlive/2018/texmf-dist/tex/generic/oberdiek/kvdefinekeys.sty
Package: kvdefinekeys 2016/05/16 v1.4 Define keys (HO)
))
(/usr/local/texlive/2018/texmf-dist/tex/latex/oberdiek/kvoptions.sty
Package: kvoptions 2016/05/16 v3.12 Key value format for package options (HO)

(/usr/local/texlive/2018/texmf-dist/tex/generic/oberdiek/kvsetkeys.sty
Package: kvsetkeys 2016/05/16 v1.17 Key value parser (HO)

(/usr/local/texlive/2018/texmf-dist/tex/generic/oberdiek/etexcmds.sty
Package: etexcmds 2016/05/16 v1.6 Avoid name clashes with e-TeX commands (HO)

(/usr/local/texlive/2018/texmf-dist/tex/generic/oberdiek/ifluatex.sty
Package: ifluatex 2016/05/16 v1.4 Provides the ifluatex switch (HO)
Package ifluatex Info: LuaTeX not detected.
)
Package etexcmds Info: Could not find \expanded.
(etexcmds)             That can mean that you are not using pdfTeX 1.50 or
(etexcmds)             that some package has redefined \expanded.
(etexcmds)             In the latter case, load this package earlier.
)))
(/usr/local/texlive/2018/texmf-dist/tex/generic/oberdiek/pdftexcmds.sty
Package: pdftexcmds 2018/01/30 v0.27 Utility functions of pdfTeX for LuaTeX (HO
)
Package pdftexcmds Info: LuaTeX not detected.
Package pdftexcmds Info: \pdf@primitive is available.
Package pdftexcmds Info: \pdf@ifprimitive is available.
Package pdftexcmds Info: \pdfdraftmode found.
)
Package epstopdf-base Info: Redefining graphics rule for `.eps' on input line 4
38.
Package grfext Info: Graphics extension search list:
(grfext)             [.pdf,.png,.jpg,.mps,.jpeg,.jbig2,.jb2,.PDF,.PNG,.JPG,.JPE
G,.JBIG2,.JB2,.eps]
(grfext)             \AppendGraphicsExtensions on input line 456.

(/usr/local/texlive/2018/texmf-dist/tex/latex/latexconfig/epstopdf-sys.cfg
File: epstopdf-sys.cfg 2010/07/13 v1.3 Configuration of (r)epstopdf for TeX Liv
e
))
(/usr/local/texlive/2018/texmf-dist/tex/latex/oberdiek/pdflscape.sty
Package: pdflscape 2016/05/14 v0.11 Display of landscape pages in PDF (HO)

(/usr/local/texlive/2018/texmf-dist/tex/latex/graphics/lscape.sty
Package: lscape 2000/10/22 v3.01 Landscape Pages (DPC)
)
Package pdflscape Info: Auto-detected driver: pdftex on input line 81.
)
ABD: EveryShipout initializing macros
*geometry* driver: auto-detecting
*geometry* detected driver: pdftex
*geometry* verbose mode - [ preamble ] result:
* driver: pdftex
* paper: <default>
* layout: <same size as paper>
* layoutoffset:(h,v)=(0.0pt,0.0pt)
* modes: 
* h-part:(L,W,R)=(65.44142pt, 483.41216pt, 65.44142pt)
* v-part:(T,H,B)=(48.36958pt, 689.6949pt, 56.9055pt)
* \paperwidth=614.295pt
* \paperheight=794.96999pt
* \textwidth=483.41216pt
* \textheight=689.6949pt
* \oddsidemargin=-6.82857pt
* \evensidemargin=-6.82857pt
* \topmargin=-60.9004pt
* \headheight=12.0pt
* \headsep=25.0pt
* \topskip=11.0pt
* \footskip=30.0pt
* \marginparwidth=59.0pt
* \marginparsep=10.0pt
* \columnsep=10.0pt
* \skip\footins=10.0pt plus 4.0pt minus 2.0pt
* \hoffset=0.0pt
* \voffset=0.0pt
* \mag=1000
* \@twocolumnfalse
* \@twosidefalse
* \@mparswitchfalse
* \@reversemarginfalse
* (1in=72.27pt=25.4mm, 1cm=28.453pt)

(/usr/local/texlive/2018/texmf-dist/tex/latex/listings/lstlang1.sty
File: lstlang1.sty 2015/06/04 1.6 listings language file
)
LaTeX Font Info:    Try loading font information for U+msa on input line 74.

(/usr/local/texlive/2018/texmf-dist/tex/latex/amsfonts/umsa.fd
File: umsa.fd 2013/01/14 v3.01 AMS symbols A
)
LaTeX Font Info:    Try loading font information for U+msb on input line 74.

(/usr/local/texlive/2018/texmf-dist/tex/latex/amsfonts/umsb.fd
File: umsb.fd 2013/01/14 v3.01 AMS symbols B
)
LaTeX Font Info:    Try loading font information for U+esvect on input line 74.


(/usr/local/texlive/2018/texmf-dist/tex/latex/esvect/uesvect.fd
File: uesvect.fd 
)
(./Physik Vorlesung.toc [1

{/usr/local/texlive/2018/texmf-var/fonts/map/pdftex/updmap/pdftex.map}] [2])
\tf@toc=\write6
\openout6 = `"Physik Vorlesung.toc"'.

 [3]
LaTeX Font Info:    Try loading font information for OMS+cmr on input line 96.

(/usr/local/texlive/2018/texmf-dist/tex/latex/base/omscmr.fd
File: omscmr.fd 2014/09/29 v2.5h Standard LaTeX font definitions
)
LaTeX Font Info:    Font shape `OMS/cmr/m/n' in size <10.95> not available
(Font)              Font shape `OMS/cmsy/m/n' tried instead on input line 96.
 [4]
Underfull \hbox (badness 10000) in paragraph at lines 141--143

 []

[5]
<./images/20190411_073844099_iOS.png, id=32, 314.17375pt x 180.17313pt>
File: ./images/20190411_073844099_iOS.png Graphic file (type png)
<use ./images/20190411_073844099_iOS.png>
Package pdftex.def Info: ./images/20190411_073844099_iOS.png  used on input lin
e 146.
(pdftex.def)             Requested size: 94.25284pt x 54.05234pt.
<./images/20190411_074045495_iOS.png, id=34, 331.73938pt x 184.69pt>
File: ./images/20190411_074045495_iOS.png Graphic file (type png)
<use ./images/20190411_074045495_iOS.png>
Package pdftex.def Info: ./images/20190411_074045495_iOS.png  used on input lin
e 147.
(pdftex.def)             Requested size: 99.52257pt x 55.40741pt.
<./images/20190411_074437642_iOS.png, id=35, 353.32pt x 181.17688pt>
File: ./images/20190411_074437642_iOS.png Graphic file (type png)
<use ./images/20190411_074437642_iOS.png>
Package pdftex.def Info: ./images/20190411_074437642_iOS.png  used on input lin
e 148.
(pdftex.def)             Requested size: 105.99681pt x 54.35347pt.
<./images/20190411_074619898_iOS.png, id=36, 334.75063pt x 165.11688pt>
File: ./images/20190411_074619898_iOS.png Graphic file (type png)
<use ./images/20190411_074619898_iOS.png>
Package pdftex.def Info: ./images/20190411_074619898_iOS.png  used on input lin
e 149.
(pdftex.def)             Requested size: 100.42595pt x 49.53543pt.
File: ./images/20190411_073844099_iOS.png Graphic file (type png)
<use ./images/20190411_073844099_iOS.png>
Package pdftex.def Info: ./images/20190411_073844099_iOS.png  used on input lin
e 154.
(pdftex.def)             Requested size: 94.25284pt x 54.05234pt.
 [6 <./images/20190411_073844099_iOS.png> <./images/20190411_074045495_iOS.png>
 <./images/20190411_074437642_iOS.png> <./images/20190411_074619898_iOS.png>]
<./images/IMG_EFF187166B54-1.jpeg, id=45, 1150.2975pt x 857.2025pt>
File: ./images/IMG_EFF187166B54-1.jpeg Graphic file (type jpg)
<use ./images/IMG_EFF187166B54-1.jpeg>
Package pdftex.def Info: ./images/IMG_EFF187166B54-1.jpeg  used on input line 1
65.
(pdftex.def)             Requested size: 345.09192pt x 257.16273pt.

Underfull \hbox (badness 10000) in paragraph at lines 168--170

 []


! Package inputenc Error: Unicode character ´ (U+B4)
(inputenc)                not set up for use with LaTeX.

See the inputenc package documentation for explanation.
Type  H <return>  for immediate help.
 ...                                              
                                                  
l.170 ...) = x_0 + \int_{t}^{t_0} (v_0 + \int_{t´
                                                  ´}^{t_0} a_(_t_) dt) dt^{...

You may provide a definition with
\DeclareUnicodeCharacter 


! Package inputenc Error: Unicode character ´ (U+B4)
(inputenc)                not set up for use with LaTeX.

See the inputenc package documentation for explanation.
Type  H <return>  for immediate help.
 ...                                              
                                                  
l.170 ...= x_0 + \int_{t}^{t_0} (v_0 + \int_{t´´
                                                  }^{t_0} a_(_t_) dt) dt^{\p...

You may provide a definition with
\DeclareUnicodeCharacter 

! Double subscript.
l.170 ..._{t}^{t_0} (v_0 + \int_{t´´}^{t_0} a_(_
                                                  t_) dt) dt^{\prime \prime} \]
I treat `x_1_2' essentially like `x_1{}_2'.

! Double subscript.
l.170 ...t}^{t_0} (v_0 + \int_{t´´}^{t_0} a_(_t_
                                                  ) dt) dt^{\prime \prime} \]
I treat `x_1_2' essentially like `x_1{}_2'.


Underfull \hbox (badness 10000) in paragraph at lines 170--175

 []

! Double subscript.
l.175 ... -\frac{1}{2} v_0^2 = \int_{x}^{x_0} a_(_
                                                  x_)dx \]
I treat `x_1_2' essentially like `x_1{}_2'.

! Double subscript.
l.175 ...\frac{1}{2} v_0^2 = \int_{x}^{x_0} a_(_x_
                                                  )dx \]
I treat `x_1_2' essentially like `x_1{}_2'.


Underfull \hbox (badness 10000) in paragraph at lines 175--177

 []

! Double subscript.
l.181 	a = 0  $\Leftrightarrow v = v_0 \qquad x_(_
                                                  t_) = x_0 + v_0(t - t_0)$ \\
I treat `x_1_2' essentially like `x_1{}_2'.

! Double subscript.
l.181 ...0  $\Leftrightarrow v = v_0 \qquad x_(_t_
                                                  ) = x_0 + v_0(t - t_0)$ \\
I treat `x_1_2' essentially like `x_1{}_2'.

[7 <./images/IMG_EFF187166B54-1.jpeg>]
<./images/IMG_8E3512F499A3-1.jpeg, id=53, 1505.625pt x 742.775pt>
File: ./images/IMG_8E3512F499A3-1.jpeg Graphic file (type jpg)
<use ./images/IMG_8E3512F499A3-1.jpeg>
Package pdftex.def Info: ./images/IMG_8E3512F499A3-1.jpeg  used on input line 1
93.
(pdftex.def)             Requested size: 451.691pt x 222.83421pt.
<./images/PHY1-19.pdf, id=54, 597.5067pt x 845.04588pt>
File: ./images/PHY1-19.pdf Graphic file (type pdf)
<use ./images/PHY1-19.pdf>
Package pdftex.def Info: ./images/PHY1-19.pdf  used on input line 206.
(pdftex.def)             Requested size: 597.50523pt x 845.04382pt.
File: ./images/PHY1-19.pdf Graphic file (type pdf)
<use ./images/PHY1-19.pdf>
Package pdftex.def Info: ./images/PHY1-19.pdf  used on input line 206.
(pdftex.def)             Requested size: 597.50523pt x 845.04382pt.
<./images/PHY1-19.pdf, id=57, page=1, 597.5067pt x 845.04588pt>
File: ./images/PHY1-19.pdf Graphic file (type pdf)
<use ./images/PHY1-19.pdf, page 1>
Package pdftex.def Info: ./images/PHY1-19.pdf , page1 used on input line 206.
(pdftex.def)             Requested size: 597.50523pt x 845.04382pt.
File: ./images/PHY1-19.pdf Graphic file (type pdf)
<use ./images/PHY1-19.pdf, page 1>
Package pdftex.def Info: ./images/PHY1-19.pdf , page1 used on input line 206.
(pdftex.def)             Requested size: 562.12135pt x 795.00085pt.
 [8 <./images/IMG_8E3512F499A3-1.jpeg>]
File: ./images/PHY1-19.pdf Graphic file (type pdf)
<use ./images/PHY1-19.pdf, page 1>
Package pdftex.def Info: ./images/PHY1-19.pdf , page1 used on input line 206.
(pdftex.def)             Requested size: 562.12135pt x 795.00085pt.
File: ./images/PHY1-19.pdf Graphic file (type pdf)
<use ./images/PHY1-19.pdf, page 1>
Package pdftex.def Info: ./images/PHY1-19.pdf , page1 used on input line 206.
(pdftex.def)             Requested size: 562.12135pt x 795.00085pt.
File: ./images/PHY1-19.pdf Graphic file (type pdf)
<use ./images/PHY1-19.pdf, page 1>
Package pdftex.def Info: ./images/PHY1-19.pdf , page1 used on input line 206.
(pdftex.def)             Requested size: 562.12135pt x 795.00085pt.

[9 <./images/PHY1-19.pdf>]
<./images/PHY1-19.pdf, id=76, page=2, 597.5067pt x 845.04588pt>
File: ./images/PHY1-19.pdf Graphic file (type pdf)
<use ./images/PHY1-19.pdf, page 2>
Package pdftex.def Info: ./images/PHY1-19.pdf , page2 used on input line 206.
(pdftex.def)             Requested size: 562.12135pt x 795.00085pt.
File: ./images/PHY1-19.pdf Graphic file (type pdf)
<use ./images/PHY1-19.pdf, page 2>
Package pdftex.def Info: ./images/PHY1-19.pdf , page2 used on input line 206.
(pdftex.def)             Requested size: 562.12135pt x 795.00085pt.
File: ./images/PHY1-19.pdf Graphic file (type pdf)
<use ./images/PHY1-19.pdf, page 2>
Package pdftex.def Info: ./images/PHY1-19.pdf , page2 used on input line 206.
(pdftex.def)             Requested size: 562.12135pt x 795.00085pt.
 [10 <./images/PHY1-19.pdf>]
<./images/PHY1-19.pdf, id=80, page=3, 597.5067pt x 845.04588pt>
File: ./images/PHY1-19.pdf Graphic file (type pdf)
<use ./images/PHY1-19.pdf, page 3>
Package pdftex.def Info: ./images/PHY1-19.pdf , page3 used on input line 206.
(pdftex.def)             Requested size: 562.12135pt x 795.00085pt.
File: ./images/PHY1-19.pdf Graphic file (type pdf)
<use ./images/PHY1-19.pdf, page 3>
Package pdftex.def Info: ./images/PHY1-19.pdf , page3 used on input line 206.
(pdftex.def)             Requested size: 562.12135pt x 795.00085pt.
File: ./images/PHY1-19.pdf Graphic file (type pdf)
<use ./images/PHY1-19.pdf, page 3>
Package pdftex.def Info: ./images/PHY1-19.pdf , page3 used on input line 206.
(pdftex.def)             Requested size: 562.12135pt x 795.00085pt.
 [11 <./images/PHY1-19.pdf>]
Underfull \hbox (badness 10000) in paragraph at lines 217--218

 []


Underfull \hbox (badness 10000) in paragraph at lines 226--227

 []

[12]
Underfull \hbox (badness 10000) in paragraph at lines 233--236

 []

<./images/IMG_E8A9C85E8431-1.jpeg, id=87, 743.77875pt x 478.78876pt>
File: ./images/IMG_E8A9C85E8431-1.jpeg Graphic file (type jpg)
<use ./images/IMG_E8A9C85E8431-1.jpeg>
Package pdftex.def Info: ./images/IMG_E8A9C85E8431-1.jpeg  used on input line 2
41.
(pdftex.def)             Requested size: 260.32646pt x 167.57857pt.

Overfull \hbox (89.60994pt too wide) in paragraph at lines 241--242
 [][] 
 []


Underfull \hbox (badness 3690) in paragraph at lines 246--256
\OML/cmm/m/it/10.95 m[]a[] \OT1/cmr/m/n/10.95 = \OML/cmm/m/it/10.95 F[] \OT1/cm
r/m/n/10.95 = \OMS/cmsy/m/n/10.95 ^^@\OML/cmm/m/it/10.95 F[] \OT1/cmr/m/n/10.95
 =
 []

<./images/NewtonPendell.jpg, id=88, 775.95158pt x 389.49727pt>
File: ./images/NewtonPendell.jpg Graphic file (type jpg)
<use ./images/NewtonPendell.jpg>
Package pdftex.def Info: ./images/NewtonPendell.jpg  used on input line 262.
(pdftex.def)             Requested size: 310.37512pt x 155.79614pt.
[13 <./images/IMG_E8A9C85E8431-1.jpeg>]
<./images/IMG_13C2526BF067-1.jpeg, id=93, 581.17125pt x 300.12125pt>
File: ./images/IMG_13C2526BF067-1.jpeg Graphic file (type jpg)
<use ./images/IMG_13C2526BF067-1.jpeg>
Package pdftex.def Info: ./images/IMG_13C2526BF067-1.jpeg  used on input line 2
69.
(pdftex.def)             Requested size: 145.29245pt x 75.03012pt.

Underfull \hbox (badness 3333) in paragraph at lines 274--279
\OT1/cmr/bx/n/10.95 Differentialgleichung 2. Ord-
 []

<./images/IMG_94B96AE1BBE0-1.jpeg, id=94, 1113.15875pt x 1126.2075pt>
File: ./images/IMG_94B96AE1BBE0-1.jpeg Graphic file (type jpg)
<use ./images/IMG_94B96AE1BBE0-1.jpeg>
Package pdftex.def Info: ./images/IMG_94B96AE1BBE0-1.jpeg  used on input line 2
95.
(pdftex.def)             Requested size: 222.6278pt x 225.2375pt.
[14 <./images/NewtonPendell.jpg> <./images/IMG_13C2526BF067-1.jpeg>]
<./images/IMG_EDD095C56715-1.jpeg, id=98, 877.2775pt x 902.37125pt>
File: ./images/IMG_EDD095C56715-1.jpeg Graphic file (type jpg)
<use ./images/IMG_EDD095C56715-1.jpeg>
Package pdftex.def Info: ./images/IMG_EDD095C56715-1.jpeg  used on input line 3
01.
(pdftex.def)             Requested size: 236.86809pt x 243.6435pt.

Overfull \hbox (37.6988pt too wide) in paragraph at lines 301--302
 [][] 
 []

[15 <./images/IMG_94B96AE1BBE0-1.jpeg> <./images/IMG_EDD095C56715-1.jpeg>]
<./images/IMG_64F74F51264B-1.jpeg, id=102, 1505.625pt x 438.63875pt>
File: ./images/IMG_64F74F51264B-1.jpeg Graphic file (type jpg)
<use ./images/IMG_64F74F51264B-1.jpeg>
Package pdftex.def Info: ./images/IMG_64F74F51264B-1.jpeg  used on input line 3
15.
(pdftex.def)             Requested size: 376.40533pt x 109.65941pt.
<./images/IMG_60C9C3799F69-1.jpeg, id=103, 992.70876pt x 309.155pt>
File: ./images/IMG_60C9C3799F69-1.jpeg Graphic file (type jpg)
<use ./images/IMG_60C9C3799F69-1.jpeg>
Package pdftex.def Info: ./images/IMG_60C9C3799F69-1.jpeg  used on input line 3
26.
(pdftex.def)             Requested size: 297.81493pt x 92.74721pt.
<./images/IMG_972B7A9BCF52-1.jpeg, id=104, 399.4925pt x 402.50375pt>
File: ./images/IMG_972B7A9BCF52-1.jpeg Graphic file (type jpg)
<use ./images/IMG_972B7A9BCF52-1.jpeg>
Package pdftex.def Info: ./images/IMG_972B7A9BCF52-1.jpeg  used on input line 3
44.
(pdftex.def)             Requested size: 107.86441pt x 108.67746pt.
<./images/IMG_7A852B76F915-1.jpeg, id=105, 505.89pt x 440.64626pt>
File: ./images/IMG_7A852B76F915-1.jpeg Graphic file (type jpg)
<use ./images/IMG_7A852B76F915-1.jpeg>
Package pdftex.def Info: ./images/IMG_7A852B76F915-1.jpeg  used on input line 3
58.
(pdftex.def)             Requested size: 151.76816pt x 132.19489pt.

[16 <./images/IMG_64F74F51264B-1.jpeg> <./images/IMG_60C9C3799F69-1.jpeg> <./im
ages/IMG_972B7A9BCF52-1.jpeg>] [17 <./images/IMG_7A852B76F915-1.jpeg>]

LaTeX Warning: Command \ss invalid in math mode on input line 391.


LaTeX Warning: Command \ss invalid in math mode on input line 391.


Underfull \hbox (badness 10000) in paragraph at lines 394--398

 []


Underfull \hbox (badness 10000) in paragraph at lines 398--402

 []


Underfull \hbox (badness 10000) in paragraph at lines 413--418

 []

[18]
<./images/Rakete.png, id=115, 594.22pt x 387.4475pt>
File: ./images/Rakete.png Graphic file (type png)
<use ./images/Rakete.png>
Package pdftex.def Info: ./images/Rakete.png  used on input line 438.
(pdftex.def)             Requested size: 356.53474pt x 232.47029pt.
 [19]
Underfull \hbox (badness 10000) in paragraph at lines 459--470

 []

[20 <./images/Rakete.png>]
Underfull \hbox (badness 10000) in paragraph at lines 491--492

 []


Underfull \hbox (badness 10000) in paragraph at lines 494--495

 []


Underfull \hbox (badness 10000) in paragraph at lines 505--507

 []

[21] [22]
Overfull \hbox (20.87065pt too wide) in paragraph at lines 554--556
[]\OT1/cmr/m/n/10.95 Wie be-reits be-kannt ist wird so die Po-ten-ti-el-le Ener
-gie de-fi-niert. Es gibt vie-le ver-schie-de-ne M[]oglichkeiten
 []


Underfull \hbox (badness 10000) in paragraph at lines 582--584

 []

[23]
<./images/Vorlesung12.pdf, id=133, 597.5067pt x 845.04588pt>
File: ./images/Vorlesung12.pdf Graphic file (type pdf)
<use ./images/Vorlesung12.pdf>
Package pdftex.def Info: ./images/Vorlesung12.pdf  used on input line 604.
(pdftex.def)             Requested size: 597.50523pt x 845.04382pt.
File: ./images/Vorlesung12.pdf Graphic file (type pdf)
<use ./images/Vorlesung12.pdf>
Package pdftex.def Info: ./images/Vorlesung12.pdf  used on input line 604.
(pdftex.def)             Requested size: 597.50523pt x 845.04382pt.
<./images/Vorlesung12.pdf, id=136, page=1, 597.5067pt x 845.04588pt>
File: ./images/Vorlesung12.pdf Graphic file (type pdf)
<use ./images/Vorlesung12.pdf, page 1>
Package pdftex.def Info: ./images/Vorlesung12.pdf , page1 used on input line 60
4.
(pdftex.def)             Requested size: 597.50523pt x 845.04382pt.
File: ./images/Vorlesung12.pdf Graphic file (type pdf)
<use ./images/Vorlesung12.pdf, page 1>
Package pdftex.def Info: ./images/Vorlesung12.pdf , page1 used on input line 60
4.
(pdftex.def)             Requested size: 562.12135pt x 795.00085pt.
 [24]
File: ./images/Vorlesung12.pdf Graphic file (type pdf)
<use ./images/Vorlesung12.pdf, page 1>
Package pdftex.def Info: ./images/Vorlesung12.pdf , page1 used on input line 60
4.
(pdftex.def)             Requested size: 562.12135pt x 795.00085pt.
File: ./images/Vorlesung12.pdf Graphic file (type pdf)
<use ./images/Vorlesung12.pdf, page 1>
Package pdftex.def Info: ./images/Vorlesung12.pdf , page1 used on input line 60
4.
(pdftex.def)             Requested size: 562.12135pt x 795.00085pt.
File: ./images/Vorlesung12.pdf Graphic file (type pdf)
<use ./images/Vorlesung12.pdf, page 1>
Package pdftex.def Info: ./images/Vorlesung12.pdf , page1 used on input line 60
4.
(pdftex.def)             Requested size: 562.12135pt x 795.00085pt.
 [25 <./images/Vorlesung12.pdf>]
Underfull \hbox (badness 10000) in paragraph at lines 610--612

 []


Underfull \hbox (badness 10000) in paragraph at lines 610--612

 []


Underfull \hbox (badness 10000) in paragraph at lines 616--618

 []

<./images/IMG_7CD07FD55327-1.jpeg, id=156, 1466.47874pt x 1394.20876pt>
File: ./images/IMG_7CD07FD55327-1.jpeg Graphic file (type jpg)
<use ./images/IMG_7CD07FD55327-1.jpeg>
Package pdftex.def Info: ./images/IMG_7CD07FD55327-1.jpeg  used on input line 6
33.
(pdftex.def)             Requested size: 293.29056pt x 278.8368pt.
[26]

LaTeX Warning: Command \ss invalid in math mode on input line 645.

<./images/IMG_A27E53A8E9C0-1.jpeg, id=160, 1280.785pt x 501.875pt>
File: ./images/IMG_A27E53A8E9C0-1.jpeg Graphic file (type jpg)
<use ./images/IMG_A27E53A8E9C0-1.jpeg>
Package pdftex.def Info: ./images/IMG_A27E53A8E9C0-1.jpeg  used on input line 6
48.
(pdftex.def)             Requested size: 384.23846pt x 150.56366pt.
[27 <./images/IMG_7CD07FD55327-1.jpeg>]
<./images/IMG_5C671F23ECB9-1.jpeg, id=164, 1259.70625pt x 1505.625pt>
File: ./images/IMG_5C671F23ECB9-1.jpeg Graphic file (type jpg)
<use ./images/IMG_5C671F23ECB9-1.jpeg>
Package pdftex.def Info: ./images/IMG_5C671F23ECB9-1.jpeg  used on input line 6
62.
(pdftex.def)             Requested size: 251.93678pt x 301.11966pt.

Overfull \hbox (52.7675pt too wide) in paragraph at lines 662--663
 [][] 
 []


Underfull \hbox (badness 10000) in paragraph at lines 677--678

 []

[28 <./images/IMG_A27E53A8E9C0-1.jpeg> <./images/IMG_5C671F23ECB9-1.jpeg>]
Underfull \hbox (badness 10000) in paragraph at lines 681--683

 []

! Missing { inserted.
<to be read again> 
                   _
l.692 ... + \underbrace{\frac{1}{2} \mu v^_{12}^2}
                                                  _{\text{reduzierte  Masse,...
A left brace was mandatory here, so I've put one in.
You might want to delete and/or insert some corrections
so that I will find a matching right brace soon.
(If you're confused by all this, try typing `I}' now.)

! Missing } inserted.
<inserted text> 
                }
l.692 ... + \underbrace{\frac{1}{2} \mu v^_{12}^2}
                                                  _{\text{reduzierte  Masse,...
I've inserted something that you may have forgotten.
(See the <inserted text> above.)
With luck, this will get me unwedged. But if you
really didn't forget anything, try typing `2' now; then
my insertion and my current dilemma will both disappear.


LaTeX Warning: Command \" invalid in math mode on input line 703.

! Please use \mathaccent for accents in math mode.
<recently read> \accent 
                        
l.703 ... + \vec{r}_2 \times \vec{F}_2  = \sum_{ä
                                                  ußere} \vec{M} \]
I'm changing \accent to \mathaccent here; wish me luck.
(Accents are not the same in formulas as they are in text.)

! Missing { inserted.
<to be read again> 
                   \fontdimen 
l.703 ... + \vec{r}_2 \times \vec{F}_2  = \sum_{ä
                                                  ußere} \vec{M} \]
A left brace was mandatory here, so I've put one in.
You might want to delete and/or insert some corrections
so that I will find a matching right brace soon.
(If you're confused by all this, try typing `I}' now.)


LaTeX Warning: Command \ss invalid in math mode on input line 703.

! Missing } inserted.
<inserted text> 
                }
l.703 ...s \vec{F}_2  = \sum_{äußere} \vec{M} \]
                                                  
I've inserted something that you may have forgotten.
(See the <inserted text> above.)
With luck, this will get me unwedged. But if you
really didn't forget anything, try typing `2' now; then
my insertion and my current dilemma will both disappear.


LaTeX Warning: Command \" invalid in math mode on input line 704.

! Please use \mathaccent for accents in math mode.
<recently read> \accent 
                        
l.704 ...vec{M}_1 + \vec{M}_2 = \vec{M} = \sum_{ä
                                                  ußere} \vec{M} \]
I'm changing \accent to \mathaccent here; wish me luck.
(Accents are not the same in formulas as they are in text.)

! Missing { inserted.
<to be read again> 
                   \fontdimen 
l.704 ...vec{M}_1 + \vec{M}_2 = \vec{M} = \sum_{ä
                                                  ußere} \vec{M} \]
A left brace was mandatory here, so I've put one in.
You might want to delete and/or insert some corrections
so that I will find a matching right brace soon.
(If you're confused by all this, try typing `I}' now.)


LaTeX Warning: Command \ss invalid in math mode on input line 704.

! Missing } inserted.
<inserted text> 
                }
l.704 ..._2 = \vec{M} = \sum_{äußere} \vec{M} \]
                                                  
I've inserted something that you may have forgotten.
(See the <inserted text> above.)
With luck, this will get me unwedged. But if you
really didn't forget anything, try typing `2' now; then
my insertion and my current dilemma will both disappear.


Underfull \hbox (badness 10000) in paragraph at lines 707--708

 []

[29]
<./images/IMG_34D6AFF7119B-1.jpeg, id=171, 675.52374pt x 570.13pt>
File: ./images/IMG_34D6AFF7119B-1.jpeg Graphic file (type jpg)
<use ./images/IMG_34D6AFF7119B-1.jpeg>
Package pdftex.def Info: ./images/IMG_34D6AFF7119B-1.jpeg  used on input line 7
19.
(pdftex.def)             Requested size: 135.10236pt x 114.02397pt.

! Missing } inserted.
<inserted text> 
                }
l.733 ...e = \vec{v}_1 - \vec{v}_2 = \vec{v}_{12\]
                                                  
I've inserted something that you may have forgotten.
(See the <inserted text> above.)
With luck, this will get me unwedged. But if you
really didn't forget anything, try typing `2' now; then
my insertion and my current dilemma will both disappear.

! Extra }, or forgotten $.
l.738 ...c{F}_{12}}{m_1} - \frac{\vec{F}_{12}}m_2}
                                                   = \frac{\vec{F}_{12}}{m_1...
I've deleted a group-closing symbol because it seems to be
spurious, as in `$x}$'. But perhaps the } is legitimate and
you forgot something else, as in `\hbox{$x}'. In such cases
the way to recover is to insert both the forgotten and the
deleted material, e.g., by typing `I$}'.


Overfull \hbox (39.513pt too wide) in paragraph at lines 741--743
\OT1/cmr/m/n/10.95 Als kur-ze zu-sam-men-fas-sung l[]asst sich sa-gen, dass wen
n es kei-ne []au^^Yeren Kr[]afte gibt sich das Zweik[]orperproblem
 []

<./images/190528-Hag.pdf, id=172, 845.1575pt x 597.23125pt>
File: ./images/190528-Hag.pdf Graphic file (type pdf)
<use ./images/190528-Hag.pdf>
Package pdftex.def Info: ./images/190528-Hag.pdf  used on input line 744.
(pdftex.def)             Requested size: 845.15544pt x 597.22978pt.
File: ./images/190528-Hag.pdf Graphic file (type pdf)
<use ./images/190528-Hag.pdf>
Package pdftex.def Info: ./images/190528-Hag.pdf  used on input line 744.
(pdftex.def)             Requested size: 845.15544pt x 597.22978pt.
<./images/190528-Hag.pdf, id=175, page=1, 845.1575pt x 597.23125pt>
File: ./images/190528-Hag.pdf Graphic file (type pdf)
<use ./images/190528-Hag.pdf, page 1>
Package pdftex.def Info: ./images/190528-Hag.pdf , page1 used on input line 744
.
(pdftex.def)             Requested size: 845.15544pt x 597.22978pt.
File: ./images/190528-Hag.pdf Graphic file (type pdf)
<use ./images/190528-Hag.pdf, page 1>
Package pdftex.def Info: ./images/190528-Hag.pdf , page1 used on input line 744
.
(pdftex.def)             Requested size: 614.40643pt x 434.1708pt.
[30 <./images/IMG_34D6AFF7119B-1.jpeg>]
File: ./images/190528-Hag.pdf Graphic file (type pdf)
<use ./images/190528-Hag.pdf, page 1>
Package pdftex.def Info: ./images/190528-Hag.pdf , page1 used on input line 744
.
(pdftex.def)             Requested size: 614.40643pt x 434.1708pt.
File: ./images/190528-Hag.pdf Graphic file (type pdf)
<use ./images/190528-Hag.pdf, page 1>
Package pdftex.def Info: ./images/190528-Hag.pdf , page1 used on input line 744
.
(pdftex.def)             Requested size: 614.40643pt x 434.1708pt.
File: ./images/190528-Hag.pdf Graphic file (type pdf)
<use ./images/190528-Hag.pdf, page 1>
Package pdftex.def Info: ./images/190528-Hag.pdf , page1 used on input line 744
.
(pdftex.def)             Requested size: 614.40643pt x 434.1708pt.
 [31 <./images/190528-Hag.pdf, page is rotated 270 degrees>]
<./images/190528-Hag.pdf, id=186, page=2, 845.1575pt x 597.23125pt>
File: ./images/190528-Hag.pdf Graphic file (type pdf)
<use ./images/190528-Hag.pdf, page 2>
Package pdftex.def Info: ./images/190528-Hag.pdf , page2 used on input line 744
.
(pdftex.def)             Requested size: 614.40643pt x 434.1708pt.
File: ./images/190528-Hag.pdf Graphic file (type pdf)
<use ./images/190528-Hag.pdf, page 2>
Package pdftex.def Info: ./images/190528-Hag.pdf , page2 used on input line 744
.
(pdftex.def)             Requested size: 614.40643pt x 434.1708pt.
File: ./images/190528-Hag.pdf Graphic file (type pdf)
<use ./images/190528-Hag.pdf, page 2>
Package pdftex.def Info: ./images/190528-Hag.pdf , page2 used on input line 744
.
(pdftex.def)             Requested size: 614.40643pt x 434.1708pt.
 [32 <./images/190528-Hag.pdf, page is rotated 270 degrees>]
<./images/190528-Hag.pdf, id=190, page=3, 845.1575pt x 597.23125pt>
File: ./images/190528-Hag.pdf Graphic file (type pdf)
<use ./images/190528-Hag.pdf, page 3>
Package pdftex.def Info: ./images/190528-Hag.pdf , page3 used on input line 744
.
(pdftex.def)             Requested size: 614.40643pt x 434.1708pt.
File: ./images/190528-Hag.pdf Graphic file (type pdf)
<use ./images/190528-Hag.pdf, page 3>
Package pdftex.def Info: ./images/190528-Hag.pdf , page3 used on input line 744
.
(pdftex.def)             Requested size: 614.40643pt x 434.1708pt.
File: ./images/190528-Hag.pdf Graphic file (type pdf)
<use ./images/190528-Hag.pdf, page 3>
Package pdftex.def Info: ./images/190528-Hag.pdf , page3 used on input line 744
.
(pdftex.def)             Requested size: 614.40643pt x 434.1708pt.
 [33 <./images/190528-Hag.pdf, page is rotated 270 degrees>]
<./images/190528-Hag.pdf, id=194, page=4, 845.1575pt x 597.23125pt>
File: ./images/190528-Hag.pdf Graphic file (type pdf)
<use ./images/190528-Hag.pdf, page 4>
Package pdftex.def Info: ./images/190528-Hag.pdf , page4 used on input line 744
.
(pdftex.def)             Requested size: 614.40643pt x 434.1708pt.
File: ./images/190528-Hag.pdf Graphic file (type pdf)
<use ./images/190528-Hag.pdf, page 4>
Package pdftex.def Info: ./images/190528-Hag.pdf , page4 used on input line 744
.
(pdftex.def)             Requested size: 614.40643pt x 434.1708pt.
File: ./images/190528-Hag.pdf Graphic file (type pdf)
<use ./images/190528-Hag.pdf, page 4>
Package pdftex.def Info: ./images/190528-Hag.pdf , page4 used on input line 744
.
(pdftex.def)             Requested size: 614.40643pt x 434.1708pt.
 [34 <./images/190528-Hag.pdf, page is rotated 270 degrees>]
<./images/190528-Hag.pdf, id=198, page=5, 845.1575pt x 597.23125pt>
File: ./images/190528-Hag.pdf Graphic file (type pdf)
<use ./images/190528-Hag.pdf, page 5>
Package pdftex.def Info: ./images/190528-Hag.pdf , page5 used on input line 744
.
(pdftex.def)             Requested size: 614.40643pt x 434.1708pt.
File: ./images/190528-Hag.pdf Graphic file (type pdf)
<use ./images/190528-Hag.pdf, page 5>
Package pdftex.def Info: ./images/190528-Hag.pdf , page5 used on input line 744
.
(pdftex.def)             Requested size: 614.40643pt x 434.1708pt.
File: ./images/190528-Hag.pdf Graphic file (type pdf)
<use ./images/190528-Hag.pdf, page 5>
Package pdftex.def Info: ./images/190528-Hag.pdf , page5 used on input line 744
.
(pdftex.def)             Requested size: 614.40643pt x 434.1708pt.
 [35 <./images/190528-Hag.pdf, page is rotated 270 degrees>]
<./images/190528-Hag.pdf, id=202, page=6, 845.1575pt x 597.23125pt>
File: ./images/190528-Hag.pdf Graphic file (type pdf)
<use ./images/190528-Hag.pdf, page 6>
Package pdftex.def Info: ./images/190528-Hag.pdf , page6 used on input line 744
.
(pdftex.def)             Requested size: 614.40643pt x 434.1708pt.
File: ./images/190528-Hag.pdf Graphic file (type pdf)
<use ./images/190528-Hag.pdf, page 6>
Package pdftex.def Info: ./images/190528-Hag.pdf , page6 used on input line 744
.
(pdftex.def)             Requested size: 614.40643pt x 434.1708pt.
File: ./images/190528-Hag.pdf Graphic file (type pdf)
<use ./images/190528-Hag.pdf, page 6>
Package pdftex.def Info: ./images/190528-Hag.pdf , page6 used on input line 744
.
(pdftex.def)             Requested size: 614.40643pt x 434.1708pt.
 [36 <./images/190528-Hag.pdf, page is rotated 270 degrees>] (./Physik Vorlesun
g.aux) ) 
Here is how much of TeX's memory you used:
 17716 strings out of 492649
 343990 string characters out of 6129622
 433454 words of memory out of 5000000
 21217 multiletter control sequences out of 15000+600000
 13075 words of font info for 53 fonts, out of 8000000 for 9000
 1141 hyphenation exceptions out of 8191
 54i,21n,73p,876b,702s stack positions out of 5000i,500n,10000p,200000b,80000s
</usr/local/texlive/2018/texmf-dist/fonts/type1/public/amsfonts/cm/cmbx
10.pfb></usr/local/texlive/2018/texmf-dist/fonts/type1/public/amsfonts/cm/cmbx1
2.pfb></usr/local/texlive/2018/texmf-dist/fonts/type1/public/amsfonts/cm/cmex10
.pfb></usr/local/texlive/2018/texmf-dist/fonts/type1/public/amsfonts/cm/cmmi10.
pfb></usr/local/texlive/2018/texmf-dist/fonts/type1/public/amsfonts/cm/cmmi6.pf
b></usr/local/texlive/2018/texmf-dist/fonts/type1/public/amsfonts/cm/cmmi8.pfb>
</usr/local/texlive/2018/texmf-dist/fonts/type1/public/amsfonts/cm/cmr10.pfb></
usr/local/texlive/2018/texmf-dist/fonts/type1/public/amsfonts/cm/cmr12.pfb></us
r/local/texlive/2018/texmf-dist/fonts/type1/public/amsfonts/cm/cmr17.pfb></usr/
local/texlive/2018/texmf-dist/fonts/type1/public/amsfonts/cm/cmr6.pfb></usr/loc
al/texlive/2018/texmf-dist/fonts/type1/public/amsfonts/cm/cmr8.pfb></usr/local/
texlive/2018/texmf-dist/fonts/type1/public/amsfonts/cm/cmsy10.pfb></usr/local/t
exlive/2018/texmf-dist/fonts/type1/public/amsfonts/cm/cmsy6.pfb></usr/local/tex
live/2018/texmf-dist/fonts/type1/public/amsfonts/cm/cmsy8.pfb></usr/local/texli
ve/2018/texmf-dist/fonts/type1/public/amsfonts/cm/cmti10.pfb>
Output written on "Physik Vorlesung.pdf" (36 pages, 4983478 bytes).
PDF statistics:
 255 PDF objects out of 1000 (max. 8388607)
 150 compressed objects within 2 object streams
 0 named destinations out of 1000 (max. 500000)
 208 words of extra memory for PDF output out of 10000 (max. 10000000)

